<?xml version="1.0" encoding="UTF-8"?>
<!-- Generated by org.testng.reporters.JUnitXMLReporter -->
<testsuite ignored="0" hostname="LAPTOP-IJLND83U" failures="0" tests="3" name="Default test" time="0.047" errors="0" timestamp="18 Jul 2022 10:58:31 GMT">
  <testcase classname="com.TESTNG.Practice.Prp" name="pratice" time="0.01"/>
  <testcase classname="com.TESTNG.Practice.Prp" name="pratice1" time="0.001"/>
  <testcase classname="com.TESTNG.Practice.Prp" name="pratice2" time="0.003"/>
</testsuite> <!-- Default test -->
