<?xml version="1.0" encoding="UTF-8"?>
<testng-results ignored="0" total="3" passed="3" failed="0" skipped="0">
  <reporter-output>
  </reporter-output>
  <suite started-at="2022-07-18T10:58:31Z" name="Default suite" finished-at="2022-07-18T10:58:31Z" duration-ms="47">
    <groups>
    </groups>
    <test started-at="2022-07-18T10:58:31Z" name="Default test" finished-at="2022-07-18T10:58:31Z" duration-ms="47">
      <class name="com.TESTNG.Practice.Prp">
        <test-method signature="pratice()[pri:0, instance:com.TESTNG.Practice.Prp@4f3bbf68]" started-at="2022-07-18T10:58:31Z" name="pratice" finished-at="2022-07-18T10:58:31Z" duration-ms="10" status="PASS">
          <reporter-output>
          </reporter-output>
        </test-method> <!-- pratice -->
        <test-method signature="pratice1()[pri:0, instance:com.TESTNG.Practice.Prp@4f3bbf68]" started-at="2022-07-18T10:58:31Z" name="pratice1" finished-at="2022-07-18T10:58:31Z" duration-ms="1" status="PASS">
          <reporter-output>
          </reporter-output>
        </test-method> <!-- pratice1 -->
        <test-method signature="pratice2()[pri:0, instance:com.TESTNG.Practice.Prp@4f3bbf68]" started-at="2022-07-18T10:58:31Z" name="pratice2" finished-at="2022-07-18T10:58:31Z" duration-ms="3" status="PASS">
          <reporter-output>
          </reporter-output>
        </test-method> <!-- pratice2 -->
      </class> <!-- com.TESTNG.Practice.Prp -->
    </test> <!-- Default test -->
  </suite> <!-- Default suite -->
</testng-results>
